<?xml version="1.0" encoding="utf-8"?>
<TestRun id="c585-0000-0000-0000-000000000003" name="c585 zero executed" xmlns="http://microsoft.com/schemas/VisualStudio/TeamTest/2010">
  <Results />
  <TestDefinitions />
  <ResultSummary outcome="Completed">
    <Counters total="0" executed="0" passed="0" failed="0" error="0" timeout="0" aborted="0" inconclusive="0" passedButRunAborted="0" notRunnable="0" notExecuted="0" disconnected="0" warning="0" completed="0" inProgress="0" pending="0" />
  </ResultSummary>
</TestRun>
