<?xml version="1.0" encoding="utf-8"?>
<TestRun id="c585-0000-0000-0000-000000000001" name="c585 green" xmlns="http://microsoft.com/schemas/VisualStudio/TeamTest/2010">
  <Results>
    <UnitTestResult testId="11111111-1111-1111-1111-111111111111" testName="display name that is not the class name (alpha)" outcome="Passed" duration="00:00:00.0100000" />
    <UnitTestResult testId="22222222-2222-2222-2222-222222222222" testName="display name that is not the class name (beta)" outcome="Passed" duration="00:00:00.0200000" />
    <UnitTestResult testId="33333333-3333-3333-3333-333333333333" testName="display name that is not the class name (gamma)" outcome="Passed" duration="00:00:00.0300000" />
  </Results>
  <TestDefinitions>
    <UnitTest id="11111111-1111-1111-1111-111111111111" name="display name that is not the class name (alpha)">
      <TestMethod codeBase="C585.Sample.dll" className="Antiphon.Tests.Scripts.C585SampleTests" name="alpha_is_green" />
    </UnitTest>
    <UnitTest id="22222222-2222-2222-2222-222222222222" name="display name that is not the class name (beta)">
      <TestMethod codeBase="C585.Sample.dll" className="Antiphon.Tests.Scripts.C585SampleTests" name="beta_is_green" />
    </UnitTest>
    <UnitTest id="33333333-3333-3333-3333-333333333333" name="display name that is not the class name (gamma)">
      <TestMethod codeBase="C585.Sample.dll" className="Antiphon.Tests.Scripts.C585OtherTests" name="gamma_is_green" />
    </UnitTest>
  </TestDefinitions>
  <ResultSummary outcome="Completed">
    <Counters total="3" executed="3" passed="3" failed="0" error="0" timeout="0" aborted="0" inconclusive="0" passedButRunAborted="0" notRunnable="0" notExecuted="0" disconnected="0" warning="0" completed="0" inProgress="0" pending="0" />
  </ResultSummary>
</TestRun>
