<?xml version="1.0" encoding="utf-8"?>
<TestRun id="c585-0000-0000-0000-000000000002" name="c585 failures" xmlns="http://microsoft.com/schemas/VisualStudio/TeamTest/2010">
  <Results>
    <UnitTestResult testId="11111111-1111-1111-1111-111111111111" testName="display name that is not the class name (alpha)" outcome="Passed" duration="00:00:00.0100000" />
    <UnitTestResult testId="22222222-2222-2222-2222-222222222222" testName="display name that is not the class name (beta)" outcome="Passed" duration="00:00:00.0200000" />
    <UnitTestResult testId="44444444-4444-4444-4444-444444444444" testName="display name that is not the class name (delta)" outcome="Failed" duration="00:00:00.0400000">
      <Output>
        <ErrorInfo>
          <Message>Expected 1 but was 2</Message>
        </ErrorInfo>
      </Output>
    </UnitTestResult>
  </Results>
  <TestDefinitions>
    <UnitTest id="11111111-1111-1111-1111-111111111111" name="display name that is not the class name (alpha)">
      <TestMethod codeBase="C585.Sample.dll" className="Antiphon.Tests.Scripts.C585SampleTests" name="alpha_is_green" />
    </UnitTest>
    <UnitTest id="22222222-2222-2222-2222-222222222222" name="display name that is not the class name (beta)">
      <TestMethod codeBase="C585.Sample.dll" className="Antiphon.Tests.Scripts.C585SampleTests" name="beta_is_green" />
    </UnitTest>
    <UnitTest id="44444444-4444-4444-4444-444444444444" name="display name that is not the class name (delta)">
      <TestMethod codeBase="C585.Sample.dll" className="Antiphon.Tests.Scripts.C585SampleTests" name="delta_is_red" />
    </UnitTest>
  </TestDefinitions>
  <ResultSummary outcome="Failed">
    <Counters total="3" executed="3" passed="2" failed="1" error="0" timeout="0" aborted="0" inconclusive="0" passedButRunAborted="0" notRunnable="0" notExecuted="0" disconnected="0" warning="0" completed="0" inProgress="0" pending="0" />
  </ResultSummary>
</TestRun>
