<?xml version="1.0" encoding="utf-8"?>
<TestRun id="ce8372ec-a27c-4d08-a496-4470c0aea6a8" name="lndco@DESKTOP-KTLKPIF 2026-09-11 11:50:20.6488887" xmlns="http://microsoft.com/schemas/VisualStudio/TeamTest/2010">
  <Times creation="2026-09-11T11:50:20.0677939Z" queuing="2026-09-11T11:50:20.0677939Z" start="2026-09-11T11:50:20.0677939Z" finish="2026-09-11T11:50:20.650302Z" />
  <TestSettings name="default" id="530d210d-0058-4dcd-af0b-3f64392fa86c">
    <Deployment runDeploymentRoot="lndco_DESKTOP-KTLKPIF_2026-09-11_11_50_20.6488887" />
  </TestSettings>
  <Results>
    <UnitTestResult executionId="397be408-d3cf-49a4-87ce-977f8388d979" testId="e614eb8d-acad-fdb2-827b-35d4e223f2fa" testName="SlowOne" computerName="DESKTOP-KTLKPIF" duration="00:00:00.0016553" startTime="2026-09-11T11:50:20.4888890+00:00" endTime="2026-09-11T11:50:20.4905443+00:00" testType="13CDC9D9-DDB5-4fa4-A97D-D965CCFC6D4B" outcome="Passed" testListId="8C84FA94-04C1-424b-9868-57A2D4851A1D" relativeResultsDirectory="397be408-d3cf-49a4-87ce-977f8388d979" />
    <UnitTestResult executionId="800ded27-8322-472e-a63c-a07134aea797" testId="8a9be9d7-a540-279b-1e17-dec82abf4f8e" testName="Rows(1)" computerName="DESKTOP-KTLKPIF" duration="00:00:00.0019177" startTime="2026-09-11T11:50:20.4888499+00:00" endTime="2026-09-11T11:50:20.4907676+00:00" testType="13CDC9D9-DDB5-4fa4-A97D-D965CCFC6D4B" outcome="Passed" testListId="8C84FA94-04C1-424b-9868-57A2D4851A1D" relativeResultsDirectory="800ded27-8322-472e-a63c-a07134aea797" />
    <UnitTestResult executionId="66d5f848-e0d6-41ee-9b76-6e4215a5e384" testId="c8bd2457-df15-e678-7c88-02a9fcc11463" testName="Inherited" computerName="DESKTOP-KTLKPIF" duration="00:00:00.0017374" startTime="2026-09-11T11:50:20.4888235+00:00" endTime="2026-09-11T11:50:20.4905609+00:00" testType="13CDC9D9-DDB5-4fa4-A97D-D965CCFC6D4B" outcome="Passed" testListId="8C84FA94-04C1-424b-9868-57A2D4851A1D" relativeResultsDirectory="66d5f848-e0d6-41ee-9b76-6e4215a5e384" />
    <UnitTestResult executionId="b4520055-7b51-4cff-a020-7dda9d0e660c" testId="6c02abe8-3996-b379-d7be-ae7bcda95b7a" testName="Data(3)" computerName="DESKTOP-KTLKPIF" duration="00:00:00.0019025" startTime="2026-09-11T11:50:20.4888385+00:00" endTime="2026-09-11T11:50:20.4907410+00:00" testType="13CDC9D9-DDB5-4fa4-A97D-D965CCFC6D4B" outcome="Passed" testListId="8C84FA94-04C1-424b-9868-57A2D4851A1D" relativeResultsDirectory="b4520055-7b51-4cff-a020-7dda9d0e660c" />
    <UnitTestResult executionId="a9382fdb-4499-4314-a9b8-c0ce1b10e358" testId="d354b173-acce-38b5-2ced-bce306f6ee7c" testName="SlowTwo" computerName="DESKTOP-KTLKPIF" duration="00:00:00.0016900" startTime="2026-09-11T11:50:20.4888638+00:00" endTime="2026-09-11T11:50:20.4905538+00:00" testType="13CDC9D9-DDB5-4fa4-A97D-D965CCFC6D4B" outcome="Passed" testListId="8C84FA94-04C1-424b-9868-57A2D4851A1D" relativeResultsDirectory="a9382fdb-4499-4314-a9b8-c0ce1b10e358" />
    <UnitTestResult executionId="955d0378-b2b0-4079-8010-87f81fd6a17e" testId="45c795fe-84c2-b6ea-14bc-83f3cf280cd0" testName="Rows(2)" computerName="DESKTOP-KTLKPIF" duration="00:00:00.0018986" startTime="2026-09-11T11:50:20.4888794+00:00" endTime="2026-09-11T11:50:20.4907780+00:00" testType="13CDC9D9-DDB5-4fa4-A97D-D965CCFC6D4B" outcome="Passed" testListId="8C84FA94-04C1-424b-9868-57A2D4851A1D" relativeResultsDirectory="955d0378-b2b0-4079-8010-87f81fd6a17e" />
    <UnitTestResult executionId="7439d890-575c-4dbb-a396-78fc88965a0f" testId="a7fdf7ac-04f0-98f5-39f5-c60d2b60373f" testName="Data(4)" computerName="DESKTOP-KTLKPIF" duration="00:00:00.0018822" startTime="2026-09-11T11:50:20.4888760+00:00" endTime="2026-09-11T11:50:20.4907582+00:00" testType="13CDC9D9-DDB5-4fa4-A97D-D965CCFC6D4B" outcome="Passed" testListId="8C84FA94-04C1-424b-9868-57A2D4851A1D" relativeResultsDirectory="7439d890-575c-4dbb-a396-78fc88965a0f" />
    <UnitTestResult executionId="5995a2db-0414-42b0-b4f5-918795403ebc" testId="c797b2e2-8cc7-4f1a-333e-0477f58d33fc" testName="Plain" computerName="DESKTOP-KTLKPIF" duration="00:00:00.0018428" startTime="2026-09-11T11:50:20.4888233+00:00" endTime="2026-09-11T11:50:20.4906661+00:00" testType="13CDC9D9-DDB5-4fa4-A97D-D965CCFC6D4B" outcome="Passed" testListId="8C84FA94-04C1-424b-9868-57A2D4851A1D" relativeResultsDirectory="5995a2db-0414-42b0-b4f5-918795403ebc" />
  </Results>
  <TestDefinitions>
    <UnitTest name="SlowOne" storage="c:\antiphon\worktrees\card-task-3e844ff6\.antiphon\c487-probe\bin\debug\net9.0\probe.dll" id="e614eb8d-acad-fdb2-827b-35d4e223f2fa">
      <TestCategory>
        <TestCategoryItem TestCategory="Slow" />
      </TestCategory>
      <Execution id="397be408-d3cf-49a4-87ce-977f8388d979" />
      <Properties>
        <Property>
          <Key>Slow</Key>
          <Value></Value>
        </Property>
      </Properties>
      <TestMethod codeBase="C:\Antiphon\worktrees\card-task-3e844ff6\.antiphon\c487-probe\bin\Debug\net9.0\Probe.dll" adapterTypeName="executor://TUnitExtension/1.44.0.0" className="C487.Probe.SlowCases" name="SlowOne" />
    </UnitTest>
    <UnitTest name="Rows(1)" storage="c:\antiphon\worktrees\card-task-3e844ff6\.antiphon\c487-probe\bin\debug\net9.0\probe.dll" id="8a9be9d7-a540-279b-1e17-dec82abf4f8e">
      <Execution id="800ded27-8322-472e-a63c-a07134aea797" />
      <TestMethod codeBase="C:\Antiphon\worktrees\card-task-3e844ff6\.antiphon\c487-probe\bin\Debug\net9.0\Probe.dll" adapterTypeName="executor://TUnitExtension/1.44.0.0" className="C487.Probe.Ordinary" name="Rows" />
    </UnitTest>
    <UnitTest name="Inherited" storage="c:\antiphon\worktrees\card-task-3e844ff6\.antiphon\c487-probe\bin\debug\net9.0\probe.dll" id="c8bd2457-df15-e678-7c88-02a9fcc11463">
      <Execution id="66d5f848-e0d6-41ee-9b76-6e4215a5e384" />
      <TestMethod codeBase="C:\Antiphon\worktrees\card-task-3e844ff6\.antiphon\c487-probe\bin\Debug\net9.0\Probe.dll" adapterTypeName="executor://TUnitExtension/1.44.0.0" className="C487.Probe.Ordinary" name="Inherited" />
    </UnitTest>
    <UnitTest name="Data(3)" storage="c:\antiphon\worktrees\card-task-3e844ff6\.antiphon\c487-probe\bin\debug\net9.0\probe.dll" id="6c02abe8-3996-b379-d7be-ae7bcda95b7a">
      <Execution id="b4520055-7b51-4cff-a020-7dda9d0e660c" />
      <TestMethod codeBase="C:\Antiphon\worktrees\card-task-3e844ff6\.antiphon\c487-probe\bin\Debug\net9.0\Probe.dll" adapterTypeName="executor://TUnitExtension/1.44.0.0" className="C487.Probe.Ordinary" name="Data" />
    </UnitTest>
    <UnitTest name="SlowTwo" storage="c:\antiphon\worktrees\card-task-3e844ff6\.antiphon\c487-probe\bin\debug\net9.0\probe.dll" id="d354b173-acce-38b5-2ced-bce306f6ee7c">
      <TestCategory>
        <TestCategoryItem TestCategory="Slow" />
      </TestCategory>
      <Execution id="a9382fdb-4499-4314-a9b8-c0ce1b10e358" />
      <Properties>
        <Property>
          <Key>Slow</Key>
          <Value></Value>
        </Property>
      </Properties>
      <TestMethod codeBase="C:\Antiphon\worktrees\card-task-3e844ff6\.antiphon\c487-probe\bin\Debug\net9.0\Probe.dll" adapterTypeName="executor://TUnitExtension/1.44.0.0" className="C487.Probe.SlowCases" name="SlowTwo" />
    </UnitTest>
    <UnitTest name="Rows(2)" storage="c:\antiphon\worktrees\card-task-3e844ff6\.antiphon\c487-probe\bin\debug\net9.0\probe.dll" id="45c795fe-84c2-b6ea-14bc-83f3cf280cd0">
      <Execution id="955d0378-b2b0-4079-8010-87f81fd6a17e" />
      <TestMethod codeBase="C:\Antiphon\worktrees\card-task-3e844ff6\.antiphon\c487-probe\bin\Debug\net9.0\Probe.dll" adapterTypeName="executor://TUnitExtension/1.44.0.0" className="C487.Probe.Ordinary" name="Rows" />
    </UnitTest>
    <UnitTest name="Data(4)" storage="c:\antiphon\worktrees\card-task-3e844ff6\.antiphon\c487-probe\bin\debug\net9.0\probe.dll" id="a7fdf7ac-04f0-98f5-39f5-c60d2b60373f">
      <Execution id="7439d890-575c-4dbb-a396-78fc88965a0f" />
      <TestMethod codeBase="C:\Antiphon\worktrees\card-task-3e844ff6\.antiphon\c487-probe\bin\Debug\net9.0\Probe.dll" adapterTypeName="executor://TUnitExtension/1.44.0.0" className="C487.Probe.Ordinary" name="Data" />
    </UnitTest>
    <UnitTest name="Plain" storage="c:\antiphon\worktrees\card-task-3e844ff6\.antiphon\c487-probe\bin\debug\net9.0\probe.dll" id="c797b2e2-8cc7-4f1a-333e-0477f58d33fc">
      <Execution id="5995a2db-0414-42b0-b4f5-918795403ebc" />
      <TestMethod codeBase="C:\Antiphon\worktrees\card-task-3e844ff6\.antiphon\c487-probe\bin\Debug\net9.0\Probe.dll" adapterTypeName="executor://TUnitExtension/1.44.0.0" className="C487.Probe.Ordinary" name="Plain" />
    </UnitTest>
  </TestDefinitions>
  <TestEntries>
    <TestEntry testId="e614eb8d-acad-fdb2-827b-35d4e223f2fa" executionId="397be408-d3cf-49a4-87ce-977f8388d979" testListId="8C84FA94-04C1-424b-9868-57A2D4851A1D" />
    <TestEntry testId="8a9be9d7-a540-279b-1e17-dec82abf4f8e" executionId="800ded27-8322-472e-a63c-a07134aea797" testListId="8C84FA94-04C1-424b-9868-57A2D4851A1D" />
    <TestEntry testId="c8bd2457-df15-e678-7c88-02a9fcc11463" executionId="66d5f848-e0d6-41ee-9b76-6e4215a5e384" testListId="8C84FA94-04C1-424b-9868-57A2D4851A1D" />
    <TestEntry testId="6c02abe8-3996-b379-d7be-ae7bcda95b7a" executionId="b4520055-7b51-4cff-a020-7dda9d0e660c" testListId="8C84FA94-04C1-424b-9868-57A2D4851A1D" />
    <TestEntry testId="d354b173-acce-38b5-2ced-bce306f6ee7c" executionId="a9382fdb-4499-4314-a9b8-c0ce1b10e358" testListId="8C84FA94-04C1-424b-9868-57A2D4851A1D" />
    <TestEntry testId="45c795fe-84c2-b6ea-14bc-83f3cf280cd0" executionId="955d0378-b2b0-4079-8010-87f81fd6a17e" testListId="8C84FA94-04C1-424b-9868-57A2D4851A1D" />
    <TestEntry testId="a7fdf7ac-04f0-98f5-39f5-c60d2b60373f" executionId="7439d890-575c-4dbb-a396-78fc88965a0f" testListId="8C84FA94-04C1-424b-9868-57A2D4851A1D" />
    <TestEntry testId="c797b2e2-8cc7-4f1a-333e-0477f58d33fc" executionId="5995a2db-0414-42b0-b4f5-918795403ebc" testListId="8C84FA94-04C1-424b-9868-57A2D4851A1D" />
  </TestEntries>
  <TestLists>
    <TestList name="Results Not in a List" id="8C84FA94-04C1-424b-9868-57A2D4851A1D" />
    <TestList name="All Loaded Results" id="19431567-8539-422a-85d7-44ee4e166bda" />
  </TestLists>
  <ResultSummary outcome="Completed">
    <Counters total="8" executed="8" passed="8" failed="0" error="0" timeout="0" aborted="0" inconclusive="0" passedButRunAborted="0" notRunnable="0" notExecuted="0" disconnected="0" warning="0" completed="0" inProgress="0" pending="0" />
    <CollectorDataEntries>
      <Collector agentName="DESKTOP-KTLKPIF" uri="datacollector://TUnitExtensionHtmlReporter/1.44.0.0" collectorDisplayName="TUnit">
        <UriAttachments>
          <UriAttachment>
            <A href="DESKTOP-KTLKPIF\Probe-windows-net9.0-report.html" />
          </UriAttachment>
        </UriAttachments>
      </Collector>
    </CollectorDataEntries>
  </ResultSummary>
</TestRun>